<?xml version="1.0" encoding="UTF-8"?>
<!-- Generated by org.testng.reporters.JUnitReportReporter -->
<testsuite hostname="JAFRA" name="tests.LoginTest" tests="5" failures="0" timestamp="26 Dec 2018 00:24:56 GMT" time="16.351" errors="0">
  <testcase name="testHomeButton" time="3.777" classname="tests.LoginTest"/>
  <testcase name="testLoginPO" time="3.946" classname="tests.LoginTest"/>
  <testcase name="testFlightFinder" time="2.213" classname="tests.LoginTest"/>
  <testcase name="testtestBookAflight" time="5.405" classname="tests.LoginTest"/>
  <testcase name="testtestTestSelectFlight" time="1.010" classname="tests.LoginTest"/>
</testsuite> <!-- tests.LoginTest -->
